DemoSession4/app/build/intermediates/manifest_merge_blame_file/debug/manifest-merger-blame-debug-report.txt
1<?xml version="1.0" encoding="utf-8"?>
2<manifest xmlns:android="http://schemas.android.com/apk/res/android"
3    package="com.demo"
4    android:versionCode="1"
5    android:versionName="1.0" >
6
7    <uses-sdk
8        android:minSdkVersion="16"
8-->src\main\AndroidManifest.xml
9        android:targetSdkVersion="29" />
9-->src\main\AndroidManifest.xml
10
11    <application
11-->src\main\AndroidManifest.xml:5:5-70:19
12        android:allowBackup="true"
12-->src\main\AndroidManifest.xml:6:9-35
13        android:appComponentFactory="androidx.core.app.CoreComponentFactory"
13-->[androidx.core:core:1.1.0] AndroidManifest.xml:24:18-86
14        android:debuggable="true"
15        android:icon="@mipmap/ic_launcher"
15-->src\main\AndroidManifest.xml:7:9-43
16        android:label="@string/app_name"
16-->src\main\AndroidManifest.xml:8:9-41
17        android:roundIcon="@mipmap/ic_launcher_round"
17-->src\main\AndroidManifest.xml:9:9-54
18        android:supportsRtl="true"
18-->src\main\AndroidManifest.xml:10:9-35
19        android:testOnly="true"
20        android:theme="@style/AppTheme" >
20-->src\main\AndroidManifest.xml:11:9-40
21        <activity android:name="com.demo.LogoActivity" >
21-->src\main\AndroidManifest.xml:12:9-18:20
21-->src\main\AndroidManifest.xml:12:19-47
22            <intent-filter>
22-->src\main\AndroidManifest.xml:13:13-17:29
23                <action android:name="android.intent.action.MAIN" />
23-->src\main\AndroidManifest.xml:14:17-69
23-->src\main\AndroidManifest.xml:14:25-66
24
25                <category android:name="android.intent.category.LAUNCHER" />
25-->src\main\AndroidManifest.xml:16:17-77
25-->src\main\AndroidManifest.xml:16:27-74
26            </intent-filter>
27        </activity>
28        <activity android:name="com.demo.WeatherDetailActivity" />
28-->src\main\AndroidManifest.xml:19:9-59
28-->src\main\AndroidManifest.xml:19:19-56
29        <activity android:name="com.demo.Main6Activity" >
29-->src\main\AndroidManifest.xml:20:9-26:20
29-->src\main\AndroidManifest.xml:20:19-48
30            <intent-filter>
30-->src\main\AndroidManifest.xml:13:13-17:29
31                <action android:name="android.intent.action.MAIN" />
31-->src\main\AndroidManifest.xml:14:17-69
31-->src\main\AndroidManifest.xml:14:25-66
32
33                <category android:name="android.intent.category.LAUNCHER" />
33-->src\main\AndroidManifest.xml:16:17-77
33-->src\main\AndroidManifest.xml:16:27-74
34            </intent-filter>
35        </activity>
36        <activity android:name="com.demo.Main5Activity" >
36-->src\main\AndroidManifest.xml:27:9-33:20
36-->src\main\AndroidManifest.xml:27:19-48
37            <intent-filter>
37-->src\main\AndroidManifest.xml:13:13-17:29
38                <action android:name="android.intent.action.MAIN" />
38-->src\main\AndroidManifest.xml:14:17-69
38-->src\main\AndroidManifest.xml:14:25-66
39
40                <category android:name="android.intent.category.LAUNCHER" />
40-->src\main\AndroidManifest.xml:16:17-77
40-->src\main\AndroidManifest.xml:16:27-74
41            </intent-filter>
42        </activity>
43        <activity android:name="com.demo.Main4Activity" >
43-->src\main\AndroidManifest.xml:34:9-40:20
43-->src\main\AndroidManifest.xml:34:19-48
44            <intent-filter>
44-->src\main\AndroidManifest.xml:13:13-17:29
45                <action android:name="android.intent.action.MAIN" />
45-->src\main\AndroidManifest.xml:14:17-69
45-->src\main\AndroidManifest.xml:14:25-66
46
47                <category android:name="android.intent.category.LAUNCHER" />
47-->src\main\AndroidManifest.xml:16:17-77
47-->src\main\AndroidManifest.xml:16:27-74
48            </intent-filter>
49        </activity>
50        <activity android:name="com.demo.WeatherActivity" >
50-->src\main\AndroidManifest.xml:41:9-47:20
50-->src\main\AndroidManifest.xml:41:19-50
51            <intent-filter>
51-->src\main\AndroidManifest.xml:13:13-17:29
52                <action android:name="android.intent.action.MAIN" />
52-->src\main\AndroidManifest.xml:14:17-69
52-->src\main\AndroidManifest.xml:14:25-66
53
54                <category android:name="android.intent.category.LAUNCHER" />
54-->src\main\AndroidManifest.xml:16:17-77
54-->src\main\AndroidManifest.xml:16:27-74
55            </intent-filter>
56        </activity>
57        <activity android:name="com.demo.ProductDetailsActivity" />
57-->src\main\AndroidManifest.xml:48:9-60
57-->src\main\AndroidManifest.xml:48:19-57
58        <activity android:name="com.demo.MainActivity" >
58-->src\main\AndroidManifest.xml:49:9-55:20
58-->src\main\AndroidManifest.xml:49:19-47
59            <intent-filter>
59-->src\main\AndroidManifest.xml:13:13-17:29
60                <action android:name="android.intent.action.MAIN" />
60-->src\main\AndroidManifest.xml:14:17-69
60-->src\main\AndroidManifest.xml:14:25-66
61
62                <category android:name="android.intent.category.LAUNCHER" />
62-->src\main\AndroidManifest.xml:16:17-77
62-->src\main\AndroidManifest.xml:16:27-74
63            </intent-filter>
64        </activity>
65        <activity android:name="com.demo.Main2Activity" >
65-->src\main\AndroidManifest.xml:56:9-62:20
65-->src\main\AndroidManifest.xml:56:19-48
66            <intent-filter>
66-->src\main\AndroidManifest.xml:13:13-17:29
67                <action android:name="android.intent.action.MAIN" />
67-->src\main\AndroidManifest.xml:14:17-69
67-->src\main\AndroidManifest.xml:14:25-66
68
69                <category android:name="android.intent.category.LAUNCHER" />
69-->src\main\AndroidManifest.xml:16:17-77
69-->src\main\AndroidManifest.xml:16:27-74
70            </intent-filter>
71        </activity>
72        <activity android:name="com.demo.Main3Activity" >
72-->src\main\AndroidManifest.xml:63:9-69:20
72-->src\main\AndroidManifest.xml:63:19-48
73            <intent-filter>
73-->src\main\AndroidManifest.xml:13:13-17:29
74                <action android:name="android.intent.action.MAIN" />
74-->src\main\AndroidManifest.xml:14:17-69
74-->src\main\AndroidManifest.xml:14:25-66
75
76                <category android:name="android.intent.category.LAUNCHER" />
76-->src\main\AndroidManifest.xml:16:17-77
76-->src\main\AndroidManifest.xml:16:27-74
77            </intent-filter>
78        </activity>
79    </application>
80
81</manifest>